2025-09-28 16:01:53,676 [Worker-4: Loading available Gradle versions] INFO  o.e.b.c.i.u.g.PublishedGradleVersions - Gradle version information cache is not available. Remote download required.
2025-09-28 16:02:18,155 [Worker-11: Building] INFO  o.e.m.c.i.l.LifecycleMappingFactory - Using org.eclipse.m2e.jdt.JarLifecycleMapping lifecycle mapping for MavenProject: Yin.rpc.cousumer:Yin.consumer:0.0.1-SNAPSHOT @ D:\STS\Yin.RPC-master\Yin.consumer\pom.xml.
2025-09-28 16:02:18,916 [Worker-11: Building] INFO  o.e.m.c.i.e.AbstractTransferListenerAdapter - Downloading https://repo.maven.apache.org/maven2/org/springframework/spring-context/4.3.9.RELEASE/spring-context-4.3.9.RELEASE.pom
2025-09-28 16:02:18,934 [Worker-11: Building] INFO  o.e.m.c.i.e.AbstractTransferListenerAdapter - Downloaded https://repo.maven.apache.org/maven2/org/springframework/spring-context/4.3.9.RELEASE/spring-context-4.3.9.RELEASE.pom
2025-09-28 16:02:18,949 [Worker-11: Building] INFO  o.e.m.c.i.e.AbstractTransferListenerAdapter - Downloading https://repo.maven.apache.org/maven2/org/springframework/spring-aop/4.3.9.RELEASE/spring-aop-4.3.9.RELEASE.pom
2025-09-28 16:02:18,956 [Worker-11: Building] INFO  o.e.m.c.i.e.AbstractTransferListenerAdapter - Downloaded https://repo.maven.apache.org/maven2/org/springframework/spring-aop/4.3.9.RELEASE/spring-aop-4.3.9.RELEASE.pom
2025-09-28 16:02:18,967 [Worker-11: Building] INFO  o.e.m.c.i.e.AbstractTransferListenerAdapter - Downloading https://repo.maven.apache.org/maven2/org/springframework/spring-beans/4.3.9.RELEASE/spring-beans-4.3.9.RELEASE.pom
2025-09-28 16:02:18,974 [Worker-11: Building] INFO  o.e.m.c.i.e.AbstractTransferListenerAdapter - Downloaded https://repo.maven.apache.org/maven2/org/springframework/spring-beans/4.3.9.RELEASE/spring-beans-4.3.9.RELEASE.pom
2025-09-28 16:02:18,987 [Worker-11: Building] INFO  o.e.m.c.i.e.AbstractTransferListenerAdapter - Downloading https://repo.maven.apache.org/maven2/org/springframework/spring-core/4.3.9.RELEASE/spring-core-4.3.9.RELEASE.pom
2025-09-28 16:02:18,993 [Worker-11: Building] INFO  o.e.m.c.i.e.AbstractTransferListenerAdapter - Downloaded https://repo.maven.apache.org/maven2/org/springframework/spring-core/4.3.9.RELEASE/spring-core-4.3.9.RELEASE.pom
2025-09-28 16:02:19,011 [Worker-11: Building] INFO  o.e.m.c.i.e.AbstractTransferListenerAdapter - Downloading https://repo.maven.apache.org/maven2/org/springframework/spring-expression/4.3.9.RELEASE/spring-expression-4.3.9.RELEASE.pom
2025-09-28 16:02:19,017 [Worker-11: Building] INFO  o.e.m.c.i.e.AbstractTransferListenerAdapter - Downloaded https://repo.maven.apache.org/maven2/org/springframework/spring-expression/4.3.9.RELEASE/spring-expression-4.3.9.RELEASE.pom
2025-09-28 16:02:19,109 [Worker-11: Building] INFO  o.e.m.c.i.e.AbstractTransferListenerAdapter - Downloading https://repo.maven.apache.org/maven2/com/alibaba/fastjson/1.2.20/fastjson-1.2.20.pom
2025-09-28 16:02:19,115 [Worker-11: Building] INFO  o.e.m.c.i.e.AbstractTransferListenerAdapter - Downloaded https://repo.maven.apache.org/maven2/com/alibaba/fastjson/1.2.20/fastjson-1.2.20.pom
2025-09-28 16:02:19,405 [Worker-11: Building] INFO  o.e.m.c.i.e.AbstractTransferListenerAdapter - Downloading https://repo.maven.apache.org/maven2/org/springframework/spring-context/4.3.9.RELEASE/spring-context-4.3.9.RELEASE.jar
2025-09-28 16:02:19,487 [Worker-11: Building] INFO  o.e.m.c.i.e.AbstractTransferListenerAdapter - Downloaded https://repo.maven.apache.org/maven2/org/springframework/spring-context/4.3.9.RELEASE/spring-context-4.3.9.RELEASE.jar
2025-09-28 16:02:19,495 [BasicRepositoryConnector-repo.maven.apache.org-0-0] INFO  o.e.m.c.i.e.AbstractTransferListenerAdapter - Downloading https://repo.maven.apache.org/maven2/org/springframework/spring-aop/4.3.9.RELEASE/spring-aop-4.3.9.RELEASE.jar
2025-09-28 16:02:19,509 [BasicRepositoryConnector-repo.maven.apache.org-0-2] INFO  o.e.m.c.i.e.AbstractTransferListenerAdapter - Downloading https://repo.maven.apache.org/maven2/org/springframework/spring-core/4.3.9.RELEASE/spring-core-4.3.9.RELEASE.jar
2025-09-28 16:02:19,509 [BasicRepositoryConnector-repo.maven.apache.org-0-3] INFO  o.e.m.c.i.e.AbstractTransferListenerAdapter - Downloading https://repo.maven.apache.org/maven2/org/springframework/spring-expression/4.3.9.RELEASE/spring-expression-4.3.9.RELEASE.jar
2025-09-28 16:02:19,517 [BasicRepositoryConnector-repo.maven.apache.org-0-1] INFO  o.e.m.c.i.e.AbstractTransferListenerAdapter - Downloading https://repo.maven.apache.org/maven2/org/springframework/spring-beans/4.3.9.RELEASE/spring-beans-4.3.9.RELEASE.jar
2025-09-28 16:02:19,521 [BasicRepositoryConnector-repo.maven.apache.org-0-0] INFO  o.e.m.c.i.e.AbstractTransferListenerAdapter - Downloaded https://repo.maven.apache.org/maven2/org/springframework/spring-aop/4.3.9.RELEASE/spring-aop-4.3.9.RELEASE.jar
2025-09-28 16:02:19,533 [BasicRepositoryConnector-repo.maven.apache.org-0-3] INFO  o.e.m.c.i.e.AbstractTransferListenerAdapter - Downloaded https://repo.maven.apache.org/maven2/org/springframework/spring-expression/4.3.9.RELEASE/spring-expression-4.3.9.RELEASE.jar
2025-09-28 16:02:19,547 [BasicRepositoryConnector-repo.maven.apache.org-0-1] INFO  o.e.m.c.i.e.AbstractTransferListenerAdapter - Downloaded https://repo.maven.apache.org/maven2/org/springframework/spring-beans/4.3.9.RELEASE/spring-beans-4.3.9.RELEASE.jar
2025-09-28 16:02:19,548 [BasicRepositoryConnector-repo.maven.apache.org-0-2] INFO  o.e.m.c.i.e.AbstractTransferListenerAdapter - Downloaded https://repo.maven.apache.org/maven2/org/springframework/spring-core/4.3.9.RELEASE/spring-core-4.3.9.RELEASE.jar
2025-09-28 16:02:19,722 [BasicRepositoryConnector-repo.maven.apache.org-0-4] INFO  o.e.m.c.i.e.AbstractTransferListenerAdapter - Downloading https://repo.maven.apache.org/maven2/com/alibaba/fastjson/1.2.20/fastjson-1.2.20.jar
2025-09-28 16:02:19,736 [BasicRepositoryConnector-repo.maven.apache.org-0-4] INFO  o.e.m.c.i.e.AbstractTransferListenerAdapter - Downloaded https://repo.maven.apache.org/maven2/com/alibaba/fastjson/1.2.20/fastjson-1.2.20.jar
2025-09-28 16:02:20,407 [Worker-11: Building] INFO  o.a.m.s.f.DefaultMavenResourcesFiltering - skip non existing resourceDirectory D:\STS\Yin.RPC-master\Yin.consumer\src\main\resources
2025-09-28 16:02:20,412 [Worker-11: Building] INFO  o.a.m.s.f.DefaultMavenResourcesFiltering - skip non existing resourceDirectory D:\STS\Yin.RPC-master\Yin.consumer\src\test\resources
2025-09-28 16:02:20,544 [Worker-11: Building] INFO  o.e.m.c.i.l.LifecycleMappingFactory - Using org.eclipse.m2e.jdt.JarLifecycleMapping lifecycle mapping for MavenProject: Yin.netty.rpc:rpc:0.0.1-SNAPSHOT @ D:\STS\Yin.RPC-master\Yin.rpc\pom.xml.
2025-09-28 16:02:20,737 [Worker-11: Building] INFO  o.a.m.s.f.DefaultMavenResourcesFiltering - skip non existing resourceDirectory D:\STS\Yin.RPC-master\Yin.rpc\src\main\resources
2025-09-28 16:02:20,740 [Worker-11: Building] INFO  o.a.m.s.f.DefaultMavenResourcesFiltering - skip non existing resourceDirectory D:\STS\Yin.RPC-master\Yin.rpc\src\test\resources
2025-09-28 16:02:21,437 [Worker-4: Download sources and javadoc] INFO  o.e.m.c.i.e.AbstractTransferListenerAdapter - Downloading https://repo.maven.apache.org/maven2/org/springframework/spring-context/4.3.9.RELEASE/spring-context-4.3.9.RELEASE-sources.jar
2025-09-28 16:02:21,478 [Worker-4: Download sources and javadoc] INFO  o.e.m.c.i.e.AbstractTransferListenerAdapter - Downloaded https://repo.maven.apache.org/maven2/org/springframework/spring-context/4.3.9.RELEASE/spring-context-4.3.9.RELEASE-sources.jar
2025-09-28 16:02:21,485 [Worker-4: Download sources and javadoc] INFO  o.e.m.j.internal.DownloadSourcesJob - Downloaded sources for org.springframework:spring-context:4.3.9.RELEASE
2025-09-28 16:02:21,801 [Worker-10: Building] INFO  o.a.m.s.f.DefaultMavenResourcesFiltering - skip non existing resourceDirectory D:\STS\Yin.RPC-master\Yin.consumer\src\main\resources
2025-09-28 16:02:21,803 [Worker-10: Building] INFO  o.a.m.s.f.DefaultMavenResourcesFiltering - skip non existing resourceDirectory D:\STS\Yin.RPC-master\Yin.consumer\src\test\resources
2025-09-28 16:02:21,947 [Worker-4: Download sources and javadoc] INFO  o.e.m.c.i.e.AbstractTransferListenerAdapter - Downloading https://repo.maven.apache.org/maven2/org/springframework/spring-aop/4.3.9.RELEASE/spring-aop-4.3.9.RELEASE-sources.jar
2025-09-28 16:02:21,960 [Worker-4: Download sources and javadoc] INFO  o.e.m.c.i.e.AbstractTransferListenerAdapter - Downloaded https://repo.maven.apache.org/maven2/org/springframework/spring-aop/4.3.9.RELEASE/spring-aop-4.3.9.RELEASE-sources.jar
2025-09-28 16:02:21,964 [Worker-4: Download sources and javadoc] INFO  o.e.m.j.internal.DownloadSourcesJob - Downloaded sources for org.springframework:spring-aop:4.3.9.RELEASE
2025-09-28 16:02:21,985 [Worker-4: Download sources and javadoc] INFO  o.e.m.c.i.e.AbstractTransferListenerAdapter - Downloading https://repo.maven.apache.org/maven2/org/springframework/spring-beans/4.3.9.RELEASE/spring-beans-4.3.9.RELEASE-sources.jar
2025-09-28 16:02:22,007 [Worker-4: Download sources and javadoc] INFO  o.e.m.c.i.e.AbstractTransferListenerAdapter - Downloaded https://repo.maven.apache.org/maven2/org/springframework/spring-beans/4.3.9.RELEASE/spring-beans-4.3.9.RELEASE-sources.jar
2025-09-28 16:02:22,011 [Worker-4: Download sources and javadoc] INFO  o.e.m.j.internal.DownloadSourcesJob - Downloaded sources for org.springframework:spring-beans:4.3.9.RELEASE
2025-09-28 16:02:22,239 [Worker-4: Download sources and javadoc] INFO  o.e.m.c.i.e.AbstractTransferListenerAdapter - Downloading https://repo.maven.apache.org/maven2/org/springframework/spring-core/4.3.9.RELEASE/spring-core-4.3.9.RELEASE-sources.jar
2025-09-28 16:02:22,256 [Worker-4: Download sources and javadoc] INFO  o.e.m.c.i.e.AbstractTransferListenerAdapter - Downloaded https://repo.maven.apache.org/maven2/org/springframework/spring-core/4.3.9.RELEASE/spring-core-4.3.9.RELEASE-sources.jar
2025-09-28 16:02:22,259 [Worker-4: Download sources and javadoc] INFO  o.e.m.j.internal.DownloadSourcesJob - Downloaded sources for org.springframework:spring-core:4.3.9.RELEASE
2025-09-28 16:02:22,486 [Worker-4: Download sources and javadoc] INFO  o.e.m.c.i.e.AbstractTransferListenerAdapter - Downloading https://repo.maven.apache.org/maven2/org/springframework/spring-expression/4.3.9.RELEASE/spring-expression-4.3.9.RELEASE-sources.jar
2025-09-28 16:02:22,496 [Worker-4: Download sources and javadoc] INFO  o.e.m.c.i.e.AbstractTransferListenerAdapter - Downloaded https://repo.maven.apache.org/maven2/org/springframework/spring-expression/4.3.9.RELEASE/spring-expression-4.3.9.RELEASE-sources.jar
2025-09-28 16:02:22,499 [Worker-4: Download sources and javadoc] INFO  o.e.m.j.internal.DownloadSourcesJob - Downloaded sources for org.springframework:spring-expression:4.3.9.RELEASE
2025-09-28 16:02:22,723 [Worker-4: Download sources and javadoc] INFO  o.e.m.c.i.e.AbstractTransferListenerAdapter - Downloading https://repo.maven.apache.org/maven2/com/alibaba/fastjson/1.2.20/fastjson-1.2.20-sources.jar
2025-09-28 16:02:23,062 [Worker-4: Download sources and javadoc] INFO  o.e.m.c.i.e.AbstractTransferListenerAdapter - Downloaded https://repo.maven.apache.org/maven2/com/alibaba/fastjson/1.2.20/fastjson-1.2.20-sources.jar
2025-09-28 16:02:23,066 [Worker-4: Download sources and javadoc] INFO  o.e.m.j.internal.DownloadSourcesJob - Downloaded sources for com.alibaba:fastjson:1.2.20
2025-09-28 16:02:23,070 [Worker-4: Download sources and javadoc] INFO  o.e.m.j.internal.DownloadSourcesJob - Downloaded sources for org.springframework:spring-context:4.3.9.RELEASE
2025-09-28 16:02:23,073 [Worker-4: Download sources and javadoc] INFO  o.e.m.j.internal.DownloadSourcesJob - Downloaded sources for org.springframework:spring-aop:4.3.9.RELEASE
2025-09-28 16:02:23,076 [Worker-4: Download sources and javadoc] INFO  o.e.m.j.internal.DownloadSourcesJob - Downloaded sources for org.springframework:spring-beans:4.3.9.RELEASE
2025-09-28 16:02:23,079 [Worker-4: Download sources and javadoc] INFO  o.e.m.j.internal.DownloadSourcesJob - Downloaded sources for org.springframework:spring-core:4.3.9.RELEASE
2025-09-28 16:02:23,082 [Worker-4: Download sources and javadoc] INFO  o.e.m.j.internal.DownloadSourcesJob - Downloaded sources for org.springframework:spring-expression:4.3.9.RELEASE
2025-09-28 16:02:23,085 [Worker-4: Download sources and javadoc] INFO  o.e.m.j.internal.DownloadSourcesJob - Downloaded sources for com.alibaba:fastjson:1.2.20
2025-09-28 16:06:15,052 [Worker-6: Building] INFO  o.e.m.c.i.l.LifecycleMappingFactory - Using org.eclipse.m2e.jdt.JarLifecycleMapping lifecycle mapping for MavenProject: Yin.rpc.cousumer:Yin.consumer:0.0.1-SNAPSHOT @ D:\STS\Yin.RPC-master\Yin.consumer\pom.xml.
2025-09-28 16:06:15,502 [Worker-6: Building] INFO  o.a.m.s.f.DefaultMavenResourcesFiltering - skip non existing resourceDirectory D:\STS\Yin.RPC-master\Yin.consumer\src\main\resources
2025-09-28 16:06:15,504 [Worker-6: Building] INFO  o.a.m.s.f.DefaultMavenResourcesFiltering - skip non existing resourceDirectory D:\STS\Yin.RPC-master\Yin.consumer\src\test\resources
2025-09-28 16:11:15,124 [Worker-10: Building] INFO  o.a.m.s.f.DefaultMavenResourcesFiltering - skip non existing resourceDirectory D:\STS\Yin.RPC-master\Yin.consumer\src\main\resources
2025-09-28 16:11:15,126 [Worker-10: Building] INFO  o.a.m.s.f.DefaultMavenResourcesFiltering - skip non existing resourceDirectory D:\STS\Yin.RPC-master\Yin.consumer\src\test\resources
2025-09-28 16:11:15,146 [Worker-10: Building] INFO  o.a.m.s.f.DefaultMavenResourcesFiltering - skip non existing resourceDirectory D:\STS\Yin.RPC-master\Yin.rpc\src\main\resources
2025-09-28 16:11:15,147 [Worker-10: Building] INFO  o.a.m.s.f.DefaultMavenResourcesFiltering - skip non existing resourceDirectory D:\STS\Yin.RPC-master\Yin.rpc\src\test\resources
2025-09-28 16:15:27,005 [Worker-16: Building Workspace] INFO  o.a.m.s.f.DefaultMavenResourcesFiltering - skip non existing resourceDirectory D:\STS\Yin.RPC-master\Yin.consumer\src\main\resources
2025-09-28 16:15:27,008 [Worker-16: Building Workspace] INFO  o.a.m.s.f.DefaultMavenResourcesFiltering - skip non existing resourceDirectory D:\STS\Yin.RPC-master\Yin.consumer\src\test\resources
2025-09-28 16:15:27,032 [Worker-16: Building Workspace] INFO  o.a.m.s.f.DefaultMavenResourcesFiltering - skip non existing resourceDirectory D:\STS\Yin.RPC-master\Yin.rpc\src\main\resources
2025-09-28 16:15:27,034 [Worker-16: Building Workspace] INFO  o.a.m.s.f.DefaultMavenResourcesFiltering - skip non existing resourceDirectory D:\STS\Yin.RPC-master\Yin.rpc\src\test\resources
2025-09-28 16:19:53,002 [Worker-18: Updating Maven Project] INFO  o.e.m.c.i.p.ProjectConfigurationManager - Update started
2025-09-28 16:19:53,169 [Worker-18: Updating Maven Project] INFO  o.e.m.c.i.l.LifecycleMappingFactory - Using org.eclipse.m2e.jdt.JarLifecycleMapping lifecycle mapping for MavenProject: Yin.rpc.cousumer:Yin.consumer:0.0.1-SNAPSHOT @ D:\STS\Yin.RPC-master\Yin.consumer\pom.xml.
2025-09-28 16:19:53,253 [Worker-18: Updating Maven Project] INFO  o.e.m.c.i.p.WorkspaceClassifierResolverManager - Resolving P/Yin.rpc: Yin.netty.rpc:rpc:0.0.1-SNAPSHOT with classifier  to /Yin.rpc/target/classes
2025-09-28 16:19:53,272 [Worker-18: Updating Maven Project] INFO  o.e.m.c.i.l.LifecycleMappingFactory - Using org.eclipse.m2e.jdt.JarLifecycleMapping lifecycle mapping for MavenProject: Yin.netty.rpc:rpc:0.0.1-SNAPSHOT @ D:\STS\Yin.RPC-master\Yin.rpc\pom.xml.
2025-09-28 16:19:53,430 [Worker-18: Updating Maven Project] INFO  o.e.m.j.i.AbstractJavaProjectConfigurator - Adding source folder /Yin.consumer/src/main/java
2025-09-28 16:19:53,432 [Worker-18: Updating Maven Project] INFO  o.e.m.j.i.AbstractJavaProjectConfigurator - Adding resource folder /Yin.consumer/src/main/resources
2025-09-28 16:19:53,432 [Worker-18: Updating Maven Project] INFO  o.e.m.j.i.AbstractJavaProjectConfigurator - Adding source folder /Yin.consumer/src/test/java
2025-09-28 16:19:53,433 [Worker-18: Updating Maven Project] INFO  o.e.m.j.i.AbstractJavaProjectConfigurator - Adding resource folder /Yin.consumer/src/test/resources
2025-09-28 16:19:53,546 [Worker-18: Updating Maven Project] INFO  o.e.m.j.i.AbstractJavaProjectConfigurator - Adding source folder /Yin.rpc/src/main/java
2025-09-28 16:19:53,546 [Worker-18: Updating Maven Project] INFO  o.e.m.j.i.AbstractJavaProjectConfigurator - Adding resource folder /Yin.rpc/src/main/resources
2025-09-28 16:19:53,547 [Worker-18: Updating Maven Project] INFO  o.e.m.j.i.AbstractJavaProjectConfigurator - Adding source folder /Yin.rpc/src/test/java
2025-09-28 16:19:53,547 [Worker-18: Updating Maven Project] INFO  o.e.m.j.i.AbstractJavaProjectConfigurator - Adding resource folder /Yin.rpc/src/test/resources
2025-09-28 16:19:53,757 [Worker-18: Updating Maven Project] INFO  o.e.m.c.i.p.ProjectConfigurationManager - Update completed for 2 poms: local refresh takes 0.00 sec, refresh facades takes 0.00 sec, update config takes 0.00 sec 
2025-09-28 16:31:16,909 [Worker-0: Launching SpringServer] INFO  o.a.m.s.f.DefaultMavenResourcesFiltering - skip non existing resourceDirectory D:\STS\Yin.RPC-master\Yin.rpc\src\main\resources
2025-09-28 16:31:16,912 [Worker-0: Launching SpringServer] INFO  o.a.m.s.f.DefaultMavenResourcesFiltering - skip non existing resourceDirectory D:\STS\Yin.RPC-master\Yin.rpc\src\test\resources
2025-09-28 16:42:48,092 [Worker-28: Launching SpringServer] INFO  o.a.m.s.f.DefaultMavenResourcesFiltering - skip non existing resourceDirectory D:\STS\Yin.RPC-master\Yin.rpc\src\main\resources
2025-09-28 16:42:48,094 [Worker-28: Launching SpringServer] INFO  o.a.m.s.f.DefaultMavenResourcesFiltering - skip non existing resourceDirectory D:\STS\Yin.RPC-master\Yin.rpc\src\test\resources
2025-09-28 17:14:43,715 [Worker-28: Launching SpringServer] INFO  o.a.m.s.f.DefaultMavenResourcesFiltering - skip non existing resourceDirectory D:\STS\Yin.RPC-master\Yin.rpc\src\main\resources
2025-09-28 17:14:43,717 [Worker-28: Launching SpringServer] INFO  o.a.m.s.f.DefaultMavenResourcesFiltering - skip non existing resourceDirectory D:\STS\Yin.RPC-master\Yin.rpc\src\test\resources
2025-09-28 17:15:17,489 [Worker-28: Launching SpringServer] INFO  o.a.m.s.f.DefaultMavenResourcesFiltering - skip non existing resourceDirectory D:\STS\Yin.RPC-master\Yin.rpc\src\main\resources
2025-09-28 17:15:17,492 [Worker-28: Launching SpringServer] INFO  o.a.m.s.f.DefaultMavenResourcesFiltering - skip non existing resourceDirectory D:\STS\Yin.RPC-master\Yin.rpc\src\test\resources
2025-09-28 19:07:36,630 [main] INFO  o.e.m.jdt.internal.UnitTestSupport - Updating RemoteInvokeTest from maven configuration
2025-09-28 19:07:37,136 [Worker-29: Launching RemoteInvokeTest] INFO  o.e.m.c.i.p.WorkspaceClassifierResolverManager - Resolving P/Yin.rpc: Yin.netty.rpc:rpc:0.0.1-SNAPSHOT with classifier null to /Yin.rpc/target/classes
2025-09-28 19:07:37,416 [Worker-29: Launching RemoteInvokeTest] INFO  o.a.m.s.f.DefaultMavenResourcesFiltering - skip non existing resourceDirectory D:\STS\Yin.RPC-master\Yin.rpc\src\main\resources
2025-09-28 19:07:37,419 [Worker-29: Launching RemoteInvokeTest] INFO  o.a.m.s.f.DefaultMavenResourcesFiltering - skip non existing resourceDirectory D:\STS\Yin.RPC-master\Yin.rpc\src\test\resources
2025-09-28 19:07:37,528 [Worker-29: Launching RemoteInvokeTest] INFO  o.a.m.s.f.DefaultMavenResourcesFiltering - skip non existing resourceDirectory D:\STS\Yin.RPC-master\Yin.consumer\src\main\resources
2025-09-28 19:07:37,530 [Worker-29: Launching RemoteInvokeTest] INFO  o.a.m.s.f.DefaultMavenResourcesFiltering - skip non existing resourceDirectory D:\STS\Yin.RPC-master\Yin.consumer\src\test\resources
2025-09-28 19:07:37,613 [Worker-29: Launching RemoteInvokeTest] INFO  o.e.m.c.i.p.WorkspaceClassifierResolverManager - Resolving P/Yin.rpc: Yin.netty.rpc:rpc:0.0.1-SNAPSHOT with classifier null to /Yin.rpc/target/classes
2025-09-28 20:12:54,338 [Worker-28: Launching RemoteInvokeTest] INFO  o.e.m.c.i.p.WorkspaceClassifierResolverManager - Resolving P/Yin.rpc: Yin.netty.rpc:rpc:0.0.1-SNAPSHOT with classifier null to /Yin.rpc/target/classes
2025-09-28 20:12:54,494 [Worker-28: Launching RemoteInvokeTest] INFO  o.e.m.c.i.p.WorkspaceClassifierResolverManager - Resolving P/Yin.rpc: Yin.netty.rpc:rpc:0.0.1-SNAPSHOT with classifier null to /Yin.rpc/target/classes
2025-09-28 20:15:26,013 [Worker-33: Launching RemoteInvokeTest] INFO  o.e.m.c.i.p.WorkspaceClassifierResolverManager - Resolving P/Yin.rpc: Yin.netty.rpc:rpc:0.0.1-SNAPSHOT with classifier null to /Yin.rpc/target/classes
2025-09-28 20:15:26,045 [Worker-33: Launching RemoteInvokeTest] INFO  o.e.m.c.i.p.WorkspaceClassifierResolverManager - Resolving P/Yin.rpc: Yin.netty.rpc:rpc:0.0.1-SNAPSHOT with classifier null to /Yin.rpc/target/classes
2025-09-28 20:16:05,465 [Worker-33: Launching RemoteInvokeTest] INFO  o.e.m.c.i.p.WorkspaceClassifierResolverManager - Resolving P/Yin.rpc: Yin.netty.rpc:rpc:0.0.1-SNAPSHOT with classifier null to /Yin.rpc/target/classes
2025-09-28 20:16:05,620 [Worker-33: Launching RemoteInvokeTest] INFO  o.e.m.c.i.p.WorkspaceClassifierResolverManager - Resolving P/Yin.rpc: Yin.netty.rpc:rpc:0.0.1-SNAPSHOT with classifier null to /Yin.rpc/target/classes
2025-09-28 20:16:30,474 [Worker-35: Launching RemoteInvokeTest] INFO  o.e.m.c.i.p.WorkspaceClassifierResolverManager - Resolving P/Yin.rpc: Yin.netty.rpc:rpc:0.0.1-SNAPSHOT with classifier null to /Yin.rpc/target/classes
2025-09-28 20:16:30,506 [Worker-35: Launching RemoteInvokeTest] INFO  o.e.m.c.i.p.WorkspaceClassifierResolverManager - Resolving P/Yin.rpc: Yin.netty.rpc:rpc:0.0.1-SNAPSHOT with classifier null to /Yin.rpc/target/classes
2025-09-28 20:16:48,047 [Worker-32: Launching RemoteInvokeTest] INFO  o.e.m.c.i.p.WorkspaceClassifierResolverManager - Resolving P/Yin.rpc: Yin.netty.rpc:rpc:0.0.1-SNAPSHOT with classifier null to /Yin.rpc/target/classes
2025-09-28 20:16:48,207 [Worker-32: Launching RemoteInvokeTest] INFO  o.e.m.c.i.p.WorkspaceClassifierResolverManager - Resolving P/Yin.rpc: Yin.netty.rpc:rpc:0.0.1-SNAPSHOT with classifier null to /Yin.rpc/target/classes
2025-10-05 21:31:45,065 [Worker-5: Loading available Gradle versions] INFO  o.e.b.c.i.u.g.PublishedGradleVersions - Gradle version information cache is out-of-date. Trying to update.
2025-10-15 15:16:15,053 [Worker-5: Loading available Gradle versions] INFO  o.e.b.c.i.u.g.PublishedGradleVersions - Gradle version information cache is out-of-date. Trying to update.
2025-10-29 13:45:05,907 [Worker-0: Loading available Gradle versions] INFO  o.e.b.c.i.u.g.PublishedGradleVersions - Gradle version information cache is out-of-date. Trying to update.
2025-10-30 15:44:55,127 [Worker-5: Loading available Gradle versions] INFO  o.e.b.c.i.u.g.PublishedGradleVersions - Gradle version information cache is out-of-date. Trying to update.
2025-10-30 22:04:05,335 [Worker-6: Loading available Gradle versions] INFO  o.e.b.c.i.u.g.PublishedGradleVersions - Gradle version information cache is up-to-date. Trying to read.
2025-10-31 02:35:28,491 [Worker-11: Launching SpringServer] INFO  o.a.m.s.f.DefaultMavenResourcesFiltering - skip non existing resourceDirectory D:\STS\Yin.RPC-master\Yin.rpc\src\main\resources
2025-10-31 02:35:28,497 [Worker-11: Launching SpringServer] INFO  o.a.m.s.f.DefaultMavenResourcesFiltering - skip non existing resourceDirectory D:\STS\Yin.RPC-master\Yin.rpc\src\test\resources
2025-10-31 02:36:23,408 [Worker-33: Launching RemoteInvokeTest] INFO  o.e.m.c.i.p.WorkspaceClassifierResolverManager - Resolving P/Yin.rpc: Yin.netty.rpc:rpc:0.0.1-SNAPSHOT with classifier  to /Yin.rpc/target/classes
2025-10-31 02:36:23,441 [Worker-33: Launching RemoteInvokeTest] INFO  o.e.m.c.i.p.WorkspaceClassifierResolverManager - Resolving P/Yin.rpc: Yin.netty.rpc:rpc:0.0.1-SNAPSHOT with classifier null to /Yin.rpc/target/classes
2025-10-31 02:36:26,409 [Worker-33: Launching RemoteInvokeTest] INFO  o.a.m.s.f.DefaultMavenResourcesFiltering - skip non existing resourceDirectory D:\STS\Yin.RPC-master\Yin.consumer\src\main\resources
2025-10-31 02:36:26,410 [Worker-33: Launching RemoteInvokeTest] INFO  o.a.m.s.f.DefaultMavenResourcesFiltering - skip non existing resourceDirectory D:\STS\Yin.RPC-master\Yin.consumer\src\test\resources
2025-10-31 02:37:56,506 [Worker-38: Launching RemoteInvokeTest] INFO  o.e.m.c.i.p.WorkspaceClassifierResolverManager - Resolving P/Yin.rpc: Yin.netty.rpc:rpc:0.0.1-SNAPSHOT with classifier null to /Yin.rpc/target/classes
2025-10-31 02:37:56,585 [Worker-38: Launching RemoteInvokeTest] INFO  o.a.m.s.f.DefaultMavenResourcesFiltering - skip non existing resourceDirectory D:\STS\Yin.RPC-master\Yin.consumer\src\main\resources
2025-10-31 02:37:56,587 [Worker-38: Launching RemoteInvokeTest] INFO  o.a.m.s.f.DefaultMavenResourcesFiltering - skip non existing resourceDirectory D:\STS\Yin.RPC-master\Yin.consumer\src\test\resources
2025-10-31 02:37:56,663 [Worker-38: Launching RemoteInvokeTest] INFO  o.e.m.c.i.p.WorkspaceClassifierResolverManager - Resolving P/Yin.rpc: Yin.netty.rpc:rpc:0.0.1-SNAPSHOT with classifier null to /Yin.rpc/target/classes
2025-10-31 02:38:48,860 [Worker-11: Launching RemoteInvokeTest] INFO  o.e.m.c.i.p.WorkspaceClassifierResolverManager - Resolving P/Yin.rpc: Yin.netty.rpc:rpc:0.0.1-SNAPSHOT with classifier null to /Yin.rpc/target/classes
2025-10-31 02:38:49,072 [Worker-11: Launching RemoteInvokeTest] INFO  o.e.m.c.i.p.WorkspaceClassifierResolverManager - Resolving P/Yin.rpc: Yin.netty.rpc:rpc:0.0.1-SNAPSHOT with classifier null to /Yin.rpc/target/classes
2025-10-31 02:39:22,527 [Worker-38: Launching RemoteInvokeTest] INFO  o.e.m.c.i.p.WorkspaceClassifierResolverManager - Resolving P/Yin.rpc: Yin.netty.rpc:rpc:0.0.1-SNAPSHOT with classifier null to /Yin.rpc/target/classes
2025-10-31 02:39:22,677 [Worker-38: Launching RemoteInvokeTest] INFO  o.e.m.c.i.p.WorkspaceClassifierResolverManager - Resolving P/Yin.rpc: Yin.netty.rpc:rpc:0.0.1-SNAPSHOT with classifier null to /Yin.rpc/target/classes
2025-10-31 02:40:40,399 [Worker-35: Launching RemoteInvokeTest] INFO  o.e.m.c.i.p.WorkspaceClassifierResolverManager - Resolving P/Yin.rpc: Yin.netty.rpc:rpc:0.0.1-SNAPSHOT with classifier null to /Yin.rpc/target/classes
2025-10-31 02:40:40,593 [Worker-35: Launching RemoteInvokeTest] INFO  o.a.m.s.f.DefaultMavenResourcesFiltering - skip non existing resourceDirectory D:\STS\Yin.RPC-master\Yin.consumer\src\main\resources
2025-10-31 02:40:40,595 [Worker-35: Launching RemoteInvokeTest] INFO  o.a.m.s.f.DefaultMavenResourcesFiltering - skip non existing resourceDirectory D:\STS\Yin.RPC-master\Yin.consumer\src\test\resources
2025-10-31 02:40:40,645 [Worker-35: Launching RemoteInvokeTest] INFO  o.e.m.c.i.p.WorkspaceClassifierResolverManager - Resolving P/Yin.rpc: Yin.netty.rpc:rpc:0.0.1-SNAPSHOT with classifier null to /Yin.rpc/target/classes
